Arguments: 
  C:\Software\tools\nodejs\node.exe C:\Software\tools\nodejs\node_modules\yarn\bin\yarn.js add fractional

PATH: 
  C:\Users\39056\OneDrive\config\cmder\vendor\bin;C:\Software\Xftp6\;C:\Software\Xshell6\;C:\Program Files (x86)\Common Files\Oracle\Java\javapath;C:\WINDOWS\system32;C:\WINDOWS;C:\WINDOWS\System32\Wbem;C:\WINDOWS\System32\WindowsPowerShell\v1.0\;C:\WINDOWS\System32\OpenSSH\;C:\Software\MacType;C:\Users\39056\OneDrive\config\cmder;C:\Work\IDE\instantclient_12_2;C:\Go\bin;C:\Software\tools\MinGW\bin;C:\Users\39056\AppData\Roaming\nvm;C:\Software\tools\nodejs;C:\Program Files (x86)\Subversion\bin;C:\Work\IDE\tools\apache-maven-3.6.0\bin;C:\Software\tools\sqlite3;C:\Work\IDE\SVN\bin;C:\Users\39056\AppData\Local\Programs\Python\Python37-32\Scripts\;C:\Users\39056\AppData\Local\Programs\Python\Python37-32\;C:\Users\39056\AppData\Local\Microsoft\WindowsApps;C:\Software\Bandizip\;C:\Work\IDE\Microsoft VS Code\bin;C:\Work\IDE\apache-maven-3.6.0\bin;C:\Work\Code\go\bin;C:\Users\39056\.babun;C:\Program Files\Java\jdk1.8.0_191\bin;C:\Program Files\Java\jdk1.8.0_191\jre\bin;C:\Users\39056\AppData\Roaming\nvm;C:\Software\tools\nodejs;C:\Software\tools\node.js;C:\Software\tools\redis;C:\Users\39056\AppData\Local\Microsoft\WindowsApps;C:\Users\39056\AppData\Local\Pandoc\;C:\Users\39056\OneDrive\config\cmder\vendor\git-for-windows\bin;C:\Software\tools\sqlite3;C:\Users\39056\AppData\Local\Yarn\bin;C:\Users\39056\OneDrive\config\cmder\vendor\git-for-windows\cmd;C:\Users\39056\OneDrive\config\cmder\vendor\git-for-windows\mingw64\bin;C:\Users\39056\OneDrive\config\cmder\vendor\git-for-windows\usr\bin

Yarn version: 
  1.22.4

Node version: 
  12.18.2

Platform: 
  win32 x64

Trace: 
  Error: EPERM: operation not permitted, unlink 'C:\Users\39056\Desktop\learnFE\javascript\complete-javascript-course\9-forkify\node_modules\babel-polyfill\node_modules\regenerator-runtime'

npm manifest: 
  {
    "name": "forkify",
    "version": "1.0.0",
    "description": "forkify project",
    "main": "index.js",
    "scripts": {
      "dev": "webpack --mode development",
      "build": "webpack --mode production",
      "start": "webpack-dev-server --mode development --open"
    },
    "author": "lzw",
    "license": "ISC",
    "devDependencies": {
      "babel-core": "^6.26.3",
      "babel-loader": "^7.1.5",
      "babel-preset-env": "^1.7.0",
      "html-webpack-plugin": "^4.3.0",
      "webpack": "^4.43.0",
      "webpack-cli": "^3.3.11",
      "webpack-dev-server": "^3.11.0"
    },
    "dependencies": {
      "axios": "^0.19.2",
      "babel-polyfill": "^6.26.0"
    }
  }

yarn manifest: 
  No manifest

Lockfile: 
  No lockfile
